<?xml version="1.0" encoding="UTF-8"?>
<!-- Generated by org.testng.reporters.JUnitReportReporter -->
<testsuite hostname="DMM-G6394Y5V" failures="0" tests="1" name="demoapp.SampleProject.DemoApp" time="17.857" errors="0" timestamp="2025-06-15T20:59:16 MMT" skipped="0">
  <testcase classname="demoapp.SampleProject.DemoApp" name="testSampleApp" time="17.857"/>
  <system-out/>
</testsuite> <!-- demoapp.SampleProject.DemoApp -->
