<?xml version="1.0" encoding="UTF-8"?>
<!-- Generated by org.testng.reporters.JUnitReportReporter -->
<testsuite hostname="DMM-G6394Y5V" failures="0" tests="1" name="demoapp.SampleProject.SortingPrice" time="3.144" errors="0" timestamp="2025-06-15T21:00:24 MMT" skipped="0">
  <testcase classname="demoapp.SampleProject.SortingPrice" name="test" time="3.144"/>
  <system-out/>
</testsuite> <!-- demoapp.SampleProject.SortingPrice -->
