<?xml version="1.0" encoding="UTF-8"?>
<!-- Generated by org.testng.reporters.JUnitReportReporter -->
<testsuite hostname="DMM-G6394Y5V" failures="0" tests="1" name="demoapp.SampleProject.SortingPrice" time="4.128" errors="0" timestamp="2025-06-15T21:29:17 MMT" skipped="0">
  <testcase classname="demoapp.SampleProject.SortingPrice" name="testPriceLowtoHigh" time="4.128"/>
  <system-out/>
</testsuite> <!-- demoapp.SampleProject.SortingPrice -->
